#
# There is insufficient memory for the Java Runtime Environment to continue.
# Native memory allocation (malloc) failed to allocate 790256 bytes for Chunk::new
# Possible reasons:
#   The system is out of physical RAM or swap space
#   The process is running with CompressedOops enabled, and the Java Heap may be blocking the growth of the native heap
# Possible solutions:
#   Reduce memory load on the system
#   Increase physical memory or swap space
#   Check if swap backing store is full
#   Decrease Java heap size (-Xmx/-Xms)
#   Decrease number of Java threads
#   Decrease Java thread stack sizes (-Xss)
#   Set larger code cache with -XX:ReservedCodeCacheSize=
#   JVM is running with Zero Based Compressed Oops mode in which the Java heap is
#     placed in the first 32GB address space. The Java Heap base address is the
#     maximum limit for the native heap growth. Please use -XX:HeapBaseMinAddress
#     to set the Java Heap base and to place the Java Heap above 32GB virtual address.
# This output file may be truncated or incomplete.
#
#  Out of Memory Error (allocation.cpp:389), pid=5912, tid=0x0000000000003870
#
# JRE version: Java(TM) SE Runtime Environment (8.0_221-b11) (build 1.8.0_221-b11)
# Java VM: Java HotSpot(TM) 64-Bit Server VM (25.221-b11 mixed mode windows-amd64 compressed oops)
# Failed to write core dump. Minidumps are not enabled by default on client versions of Windows
#

---------------  T H R E A D  ---------------

Current thread (0x000000001dc68000):  JavaThread "C2 CompilerThread2" daemon [_thread_in_native, id=14448, stack(0x000000001f4b0000,0x000000001f5b0000)]

Stack: [0x000000001f4b0000,0x000000001f5b0000]
[error occurred during error reporting (printing stack bounds), id 0xc0000005]

Native frames: (J=compiled Java code, j=interpreted, Vv=VM code, C=native code)


Current CompileTask:
C2:   8000 5026       4       com.sun.tools.javac.comp.Attr::selectSym (600 bytes)


---------------  P R O C E S S  ---------------

Java Threads: ( => current thread )
  0x000000001dcee000 JavaThread "Service Thread" daemon [_thread_blocked, id=17688, stack(0x000000001f6b0000,0x000000001f7b0000)]
  0x000000001dc6a000 JavaThread "C1 CompilerThread3" daemon [_thread_in_native, id=20188, stack(0x000000001f5b0000,0x000000001f6b0000)]
=>0x000000001dc68000 JavaThread "C2 CompilerThread2" daemon [_thread_in_native, id=14448, stack(0x000000001f4b0000,0x000000001f5b0000)]
  0x000000001dc60000 JavaThread "C2 CompilerThread1" daemon [_thread_in_native, id=19472, stack(0x000000001f3b0000,0x000000001f4b0000)]
  0x000000001dc5a000 JavaThread "C2 CompilerThread0" daemon [_thread_in_native, id=22912, stack(0x000000001f2b0000,0x000000001f3b0000)]
  0x000000001dc59000 JavaThread "Attach Listener" daemon [_thread_blocked, id=29628, stack(0x000000001f1b0000,0x000000001f2b0000)]
  0x000000001dc52800 JavaThread "Signal Dispatcher" daemon [_thread_blocked, id=8948, stack(0x000000001f0b0000,0x000000001f1b0000)]
  0x000000001c563000 JavaThread "Finalizer" daemon [_thread_blocked, id=12048, stack(0x000000001eea0000,0x000000001efa0000)]
  0x000000001dc43000 JavaThread "Reference Handler" daemon [_thread_blocked, id=24376, stack(0x000000001eda0000,0x000000001eea0000)]
  0x00000000027e2800 JavaThread "main" [_thread_in_Java, id=24192, stack(0x00000000026e0000,0x00000000027e0000)]

Other Threads:
  0x000000001c556800 VMThread [stack: 0x000000001eca0000,0x000000001eda0000] [id=20060]
  0x000000001dd08000 WatcherThread [stack: 0x000000001f7b0000,0x000000001f8b0000] [id=27520]

VM state:not at safepoint (normal execution)

VM Mutex/Monitor currently owned by a thread: None

heap address: 0x00000006c1000000, size: 4080 MB, Compressed Oops mode: Zero based, Oop shift amount: 3
Narrow klass base: 0x0000000000000000, Narrow klass shift: 3
Compressed class space size: 1073741824 Address: 0x00000007c0000000

Heap:
 PSYoungGen      total 141824K, used 47245K [0x000000076b000000, 0x000000077a000000, 0x00000007c0000000)
  eden space 131072K, 27% used [0x000000076b000000,0x000000076d3a6280,0x0000000773000000)
  from space 10752K, 99% used [0x0000000773000000,0x0000000773a7d290,0x0000000773a80000)
  to   space 30720K, 0% used [0x0000000778200000,0x0000000778200000,0x000000077a000000)
 ParOldGen       total 127488K, used 39860K [0x00000006c1000000, 0x00000006c8c80000, 0x000000076b000000)
  object space 127488K, 31% used [0x00000006c1000000,0x00000006c36ed188,0x00000006c8c80000)
 Metaspace       used 28302K, capacity 28958K, committed 29184K, reserved 1075200K
  class space    used 3296K, capacity 3517K, committed 3584K, reserved 1048576K

Card table byte_map: [0x0000000011ca0000,0x00000000124a0000] byte_map_base: 0x000000000e698000

Marking Bits: (ParMarkBitMap*) 0x0000000053105ce0
 Begin Bits: [0x00000000133f0000, 0x00000000173b0000)
 End Bits:   [0x00000000173b0000, 0x000000001b370000)

Polling page: 0x0000000000940000

CodeCache: size=245760Kb used=16090Kb max_used=16370Kb free=229669Kb
 bounds [0x00000000028e0000, 0x0000000003900000, 0x00000000118e0000]
 total_blobs=4901 nmethods=4447 adapters=367
 compilation: enabled

Compilation events (10 events):
Event: 7.995 Thread 0x000000001dc6a000 nmethod 5050 0x00000000038d0f10 code [0x00000000038d1100, 0x00000000038d1a18]
Event: 7.995 Thread 0x000000001dc6a000 5051  s    3       com.sun.tools.javac.file.ZipFileIndex::read (16 bytes)
Event: 7.995 Thread 0x000000001dc6a000 nmethod 5051 0x00000000038d0510 code [0x00000000038d06c0, 0x00000000038d0ca8]
Event: 7.995 Thread 0x000000001dc6a000 5052       3       com.sun.tools.javac.file.ZipFileIndex::readBytes (98 bytes)
Event: 7.995 Thread 0x000000001dc6a000 nmethod 5052 0x00000000038cf6d0 code [0x00000000038cf8c0, 0x00000000038d0028]
Event: 7.995 Thread 0x000000001dc6a000 5053       3       com.sun.tools.javac.jvm.ClassReader$10::read (112 bytes)
Event: 7.996 Thread 0x000000001dc6a000 nmethod 5053 0x00000000033d1b10 code [0x00000000033d1e20, 0x00000000033d3668]
Event: 7.996 Thread 0x000000001dc6a000 5054       3       com.sun.tools.javac.jvm.ClassReader$SourceFileObject::<init> (16 bytes)
Event: 7.996 Thread 0x000000001dc6a000 nmethod 5054 0x00000000038cf210 code [0x00000000038cf380, 0x00000000038cf5d0]
Event: 7.997 Thread 0x000000001dc6a000 5056       3       com.sun.tools.javac.tree.TreeInfo::isConstructor (40 bytes)

GC Heap History (10 events):
Event: 1.351 GC heap before
{Heap before GC invocations=2 (full 0):
 PSYoungGen      total 76288K, used 75504K [0x000000076b000000, 0x0000000774500000, 0x00000007c0000000)
  eden space 65536K, 100% used [0x000000076b000000,0x000000076f000000,0x000000076f000000)
  from space 10752K, 92% used [0x000000076f000000,0x000000076f9bc1d0,0x000000076fa80000)
  to   space 10752K, 0% used [0x0000000773a80000,0x0000000773a80000,0x0000000774500000)
 ParOldGen       total 175104K, used 16K [0x00000006c1000000, 0x00000006cbb00000, 0x000000076b000000)
  object space 175104K, 0% used [0x00000006c1000000,0x00000006c1004000,0x00000006cbb00000)
 Metaspace       used 14957K, capacity 15130K, committed 15232K, reserved 1062912K
  class space    used 1823K, capacity 1913K, committed 1920K, reserved 1048576K
Event: 1.359 GC heap after
Heap after GC invocations=2 (full 0):
 PSYoungGen      total 141824K, used 10726K [0x000000076b000000, 0x0000000774500000, 0x00000007c0000000)
  eden space 131072K, 0% used [0x000000076b000000,0x000000076b000000,0x0000000773000000)
  from space 10752K, 99% used [0x0000000773a80000,0x00000007744f9b58,0x0000000774500000)
  to   space 10752K, 0% used [0x0000000773000000,0x0000000773000000,0x0000000773a80000)
 ParOldGen       total 175104K, used 897K [0x00000006c1000000, 0x00000006cbb00000, 0x000000076b000000)
  object space 175104K, 0% used [0x00000006c1000000,0x00000006c10e0680,0x00000006cbb00000)
 Metaspace       used 14957K, capacity 15130K, committed 15232K, reserved 1062912K
  class space    used 1823K, capacity 1913K, committed 1920K, reserved 1048576K
}
Event: 3.397 GC heap before
{Heap before GC invocations=3 (full 0):
 PSYoungGen      total 141824K, used 60430K [0x000000076b000000, 0x0000000774500000, 0x00000007c0000000)
  eden space 131072K, 37% used [0x000000076b000000,0x000000076e089e98,0x0000000773000000)
  from space 10752K, 99% used [0x0000000773a80000,0x00000007744f9b58,0x0000000774500000)
  to   space 10752K, 0% used [0x0000000773000000,0x0000000773000000,0x0000000773a80000)
 ParOldGen       total 175104K, used 897K [0x00000006c1000000, 0x00000006cbb00000, 0x000000076b000000)
  object space 175104K, 0% used [0x00000006c1000000,0x00000006c10e0680,0x00000006cbb00000)
 Metaspace       used 20706K, capacity 21088K, committed 21296K, reserved 1069056K
  class space    used 2497K, capacity 2672K, committed 2688K, reserved 1048576K
Event: 3.408 GC heap after
Heap after GC invocations=3 (full 0):
 PSYoungGen      total 141824K, used 10737K [0x000000076b000000, 0x0000000774500000, 0x00000007c0000000)
  eden space 131072K, 0% used [0x000000076b000000,0x000000076b000000,0x0000000773000000)
  from space 10752K, 99% used [0x0000000773000000,0x0000000773a7c6b0,0x0000000773a80000)
  to   space 10752K, 0% used [0x0000000773a80000,0x0000000773a80000,0x0000000774500000)
 ParOldGen       total 175104K, used 6756K [0x00000006c1000000, 0x00000006cbb00000, 0x000000076b000000)
  object space 175104K, 3% used [0x00000006c1000000,0x00000006c16992b0,0x00000006cbb00000)
 Metaspace       used 20706K, capacity 21088K, committed 21296K, reserved 1069056K
  class space    used 2497K, capacity 2672K, committed 2688K, reserved 1048576K
}
Event: 3.408 GC heap before
{Heap before GC invocations=4 (full 1):
 PSYoungGen      total 141824K, used 10737K [0x000000076b000000, 0x0000000774500000, 0x00000007c0000000)
  eden space 131072K, 0% used [0x000000076b000000,0x000000076b000000,0x0000000773000000)
  from space 10752K, 99% used [0x0000000773000000,0x0000000773a7c6b0,0x0000000773a80000)
  to   space 10752K, 0% used [0x0000000773a80000,0x0000000773a80000,0x0000000774500000)
 ParOldGen       total 175104K, used 6756K [0x00000006c1000000, 0x00000006cbb00000, 0x000000076b000000)
  object space 175104K, 3% used [0x00000006c1000000,0x00000006c16992b0,0x00000006cbb00000)
 Metaspace       used 20706K, capacity 21088K, committed 21296K, reserved 1069056K
  class space    used 2497K, capacity 2672K, committed 2688K, reserved 1048576K
Event: 3.452 GC heap after
Heap after GC invocations=4 (full 1):
 PSYoungGen      total 141824K, used 0K [0x000000076b000000, 0x0000000774500000, 0x00000007c0000000)
  eden space 131072K, 0% used [0x000000076b000000,0x000000076b000000,0x0000000773000000)
  from space 10752K, 0% used [0x0000000773000000,0x0000000773000000,0x0000000773a80000)
  to   space 10752K, 0% used [0x0000000773a80000,0x0000000773a80000,0x0000000774500000)
 ParOldGen       total 127488K, used 16347K [0x00000006c1000000, 0x00000006c8c80000, 0x000000076b000000)
  object space 127488K, 12% used [0x00000006c1000000,0x00000006c1ff6e60,0x00000006c8c80000)
 Metaspace       used 20706K, capacity 21088K, committed 21296K, reserved 1069056K
  class space    used 2497K, capacity 2672K, committed 2688K, reserved 1048576K
}
Event: 6.199 GC heap before
{Heap before GC invocations=5 (full 1):
 PSYoungGen      total 141824K, used 131072K [0x000000076b000000, 0x0000000774500000, 0x00000007c0000000)
  eden space 131072K, 100% used [0x000000076b000000,0x0000000773000000,0x0000000773000000)
  from space 10752K, 0% used [0x0000000773000000,0x0000000773000000,0x0000000773a80000)
  to   space 10752K, 0% used [0x0000000773a80000,0x0000000773a80000,0x0000000774500000)
 ParOldGen       total 127488K, used 16347K [0x00000006c1000000, 0x00000006c8c80000, 0x000000076b000000)
  object space 127488K, 12% used [0x00000006c1000000,0x00000006c1ff6e60,0x00000006c8c80000)
 Metaspace       used 23095K, capacity 23710K, committed 23936K, reserved 1071104K
  class space    used 2707K, capacity 2893K, committed 2944K, reserved 1048576K
Event: 6.206 GC heap after
Heap after GC invocations=5 (full 1):
 PSYoungGen      total 141824K, used 10733K [0x000000076b000000, 0x0000000777380000, 0x00000007c0000000)
  eden space 131072K, 0% used [0x000000076b000000,0x000000076b000000,0x0000000773000000)
  from space 10752K, 99% used [0x0000000773a80000,0x00000007744fb6e0,0x0000000774500000)
  to   space 10752K, 0% used [0x0000000773000000,0x0000000773000000,0x0000000773a80000)
 ParOldGen       total 127488K, used 16648K [0x00000006c1000000, 0x00000006c8c80000, 0x000000076b000000)
  object space 127488K, 13% used [0x00000006c1000000,0x00000006c2042040,0x00000006c8c80000)
 Metaspace       used 23095K, capacity 23710K, committed 23936K, reserved 1071104K
  class space    used 2707K, capacity 2893K, committed 2944K, reserved 1048576K
}
Event: 7.778 GC heap before
{Heap before GC invocations=6 (full 1):
 PSYoungGen      total 141824K, used 141805K [0x000000076b000000, 0x0000000777380000, 0x00000007c0000000)
  eden space 131072K, 100% used [0x000000076b000000,0x0000000773000000,0x0000000773000000)
  from space 10752K, 99% used [0x0000000773a80000,0x00000007744fb6e0,0x0000000774500000)
  to   space 10752K, 0% used [0x0000000773000000,0x0000000773000000,0x0000000773a80000)
 ParOldGen       total 127488K, used 16648K [0x00000006c1000000, 0x00000006c8c80000, 0x000000076b000000)
  object space 127488K, 13% used [0x00000006c1000000,0x00000006c2042040,0x00000006c8c80000)
 Metaspace       used 28074K, capacity 28734K, committed 28928K, reserved 1075200K
  class space    used 3293K, capacity 3485K, committed 3584K, reserved 1048576K
Event: 7.799 GC heap after
Heap after GC invocations=6 (full 1):
 PSYoungGen      total 141824K, used 10740K [0x000000076b000000, 0x000000077a000000, 0x00000007c0000000)
  eden space 131072K, 0% used [0x000000076b000000,0x000000076b000000,0x0000000773000000)
  from space 10752K, 99% used [0x0000000773000000,0x0000000773a7d290,0x0000000773a80000)
  to   space 30720K, 0% used [0x0000000778200000,0x0000000778200000,0x000000077a000000)
 ParOldGen       total 127488K, used 39860K [0x00000006c1000000, 0x00000006c8c80000, 0x000000076b000000)
  object space 127488K, 31% used [0x00000006c1000000,0x00000006c36ed188,0x00000006c8c80000)
 Metaspace       used 28074K, capacity 28734K, committed 28928K, reserved 1075200K
  class space    used 3293K, capacity 3485K, committed 3584K, reserved 1048576K
}

Deoptimization events (10 events):
Event: 7.668 Thread 0x00000000027e2800 Uncommon trap: reason=array_check action=maybe_recompile pc=0x000000000385922c method=java.util.ComparableTimSort.reverseRange([Ljava/lang/Object;II)V @ 20
Event: 7.832 Thread 0x00000000027e2800 Uncommon trap: reason=unstable_if action=reinterpret pc=0x0000000002eb9388 method=com.sun.tools.javac.util.ArrayUtils.ensureCapacity([BI)[B @ 3
Event: 7.883 Thread 0x00000000027e2800 Uncommon trap: reason=unstable_if action=reinterpret pc=0x0000000002ec1d0c method=com.sun.tools.javac.code.Scope.dble()V @ 44
Event: 7.892 Thread 0x00000000027e2800 Uncommon trap: reason=unloaded action=reinterpret pc=0x000000000310c344 method=com.sun.tools.javac.jvm.ClassReader.readPool(I)Ljava/lang/Object; @ 436
Event: 7.892 Thread 0x00000000027e2800 Uncommon trap: reason=unstable_if action=reinterpret pc=0x0000000003305424 method=java.lang.Integer.valueOf(I)Ljava/lang/Integer; @ 3
Event: 7.902 Thread 0x00000000027e2800 Uncommon trap: reason=unstable_if action=reinterpret pc=0x0000000002a447ac method=com.sun.tools.javac.util.ArrayUtils.ensureCapacity([BI)[B @ 3
Event: 7.952 Thread 0x00000000027e2800 Uncommon trap: reason=unstable_if action=reinterpret pc=0x0000000003079114 method=com.sun.tools.javac.util.Convert.utf2chars([BI[CII)I @ 91
Event: 7.985 Thread 0x00000000027e2800 Uncommon trap: reason=unstable_if action=reinterpret pc=0x0000000003130b7c method=com.sun.tools.javac.code.Scope.lookup(Lcom/sun/tools/javac/util/Name;Lcom/sun/tools/javac/util/Filter;)Lcom/sun/tools/javac/code/Scope$Entry; @ 19
Event: 7.985 Thread 0x00000000027e2800 Uncommon trap: reason=unstable_if action=reinterpret pc=0x0000000002ba836c method=com.sun.tools.javac.code.Scope.lookup(Lcom/sun/tools/javac/util/Name;Lcom/sun/tools/javac/util/Filter;)Lcom/sun/tools/javac/code/Scope$Entry; @ 19
Event: 7.987 Thread 0x00000000027e2800 Uncommon trap: reason=unstable_if action=reinterpret pc=0x000000000338f278 method=com.sun.tools.javac.code.Scope.dble()V @ 39

Classes redefined (0 events):
No events

Internal exceptions (10 events):
Event: 7.673 Thread 0x00000000027e2800 Exception <a 'java/io/FileNotFoundException'> (0x0000000772585728) thrown at [C:\re\workspace\8-2-build-windows-amd64-cygwin\jdk8u221\13320\hotspot\src\share\vm\prims\jni.cpp, line 710]
Event: 7.673 Thread 0x00000000027e2800 Exception <a 'java/io/FileNotFoundException'> (0x0000000772586508) thrown at [C:\re\workspace\8-2-build-windows-amd64-cygwin\jdk8u221\13320\hotspot\src\share\vm\prims\jni.cpp, line 710]
Event: 7.673 Thread 0x00000000027e2800 Exception <a 'java/io/FileNotFoundException'> (0x00000007725872e0) thrown at [C:\re\workspace\8-2-build-windows-amd64-cygwin\jdk8u221\13320\hotspot\src\share\vm\prims\jni.cpp, line 710]
Event: 7.673 Thread 0x00000000027e2800 Exception <a 'java/io/FileNotFoundException'> (0x0000000772588108) thrown at [C:\re\workspace\8-2-build-windows-amd64-cygwin\jdk8u221\13320\hotspot\src\share\vm\prims\jni.cpp, line 710]
Event: 7.673 Thread 0x00000000027e2800 Exception <a 'java/io/FileNotFoundException'> (0x0000000772588f50) thrown at [C:\re\workspace\8-2-build-windows-amd64-cygwin\jdk8u221\13320\hotspot\src\share\vm\prims\jni.cpp, line 710]
Event: 7.673 Thread 0x00000000027e2800 Exception <a 'java/io/FileNotFoundException'> (0x0000000772589d98) thrown at [C:\re\workspace\8-2-build-windows-amd64-cygwin\jdk8u221\13320\hotspot\src\share\vm\prims\jni.cpp, line 710]
Event: 7.673 Thread 0x00000000027e2800 Exception <a 'java/io/FileNotFoundException'> (0x000000077258abc8) thrown at [C:\re\workspace\8-2-build-windows-amd64-cygwin\jdk8u221\13320\hotspot\src\share\vm\prims\jni.cpp, line 710]
Event: 7.673 Thread 0x00000000027e2800 Exception <a 'java/io/FileNotFoundException'> (0x000000077258ba58) thrown at [C:\re\workspace\8-2-build-windows-amd64-cygwin\jdk8u221\13320\hotspot\src\share\vm\prims\jni.cpp, line 710]
Event: 7.673 Thread 0x00000000027e2800 Exception <a 'java/io/FileNotFoundException'> (0x000000077258c878) thrown at [C:\re\workspace\8-2-build-windows-amd64-cygwin\jdk8u221\13320\hotspot\src\share\vm\prims\jni.cpp, line 710]
Event: 7.673 Thread 0x00000000027e2800 Exception <a 'java/io/FileNotFoundException'> (0x000000077258d670) thrown at [C:\re\workspace\8-2-build-windows-amd64-cygwin\jdk8u221\13320\hotspot\src\share\vm\prims\jni.cpp, line 710]

Events (10 events):
Event: 7.952 Thread 0x00000000027e2800 DEOPT UNPACKING pc=0x000000000292583b sp=0x00000000027dc278 mode 2
Event: 7.985 Thread 0x00000000027e2800 Uncommon trap: trap_request=0xffffff65 fr.pc=0x0000000003130b7c
Event: 7.985 Thread 0x00000000027e2800 DEOPT PACKING pc=0x0000000003130b7c sp=0x00000000027dd250
Event: 7.985 Thread 0x00000000027e2800 DEOPT UNPACKING pc=0x000000000292583b sp=0x00000000027dd138 mode 2
Event: 7.985 Thread 0x00000000027e2800 Uncommon trap: trap_request=0xffffff65 fr.pc=0x0000000002ba836c
Event: 7.985 Thread 0x00000000027e2800 DEOPT PACKING pc=0x0000000002ba836c sp=0x00000000027dd1c0
Event: 7.985 Thread 0x00000000027e2800 DEOPT UNPACKING pc=0x000000000292583b sp=0x00000000027dd160 mode 2
Event: 7.987 Thread 0x00000000027e2800 Uncommon trap: trap_request=0xffffff65 fr.pc=0x000000000338f278
Event: 7.987 Thread 0x00000000027e2800 DEOPT PACKING pc=0x000000000338f278 sp=0x00000000027dd0f0
Event: 7.987 Thread 0x00000000027e2800 DEOPT UNPACKING pc=0x000000000292583b sp=0x00000000027dd018 mode 2


Dynamic libraries:
0x00007ff7211d0000 - 0x00007ff721207000 	C:\Program Files\Java\jdk1.8.0_221\bin\java.exe
0x00007ff8f42a0000 - 0x00007ff8f4490000 	C:\WINDOWS\SYSTEM32\ntdll.dll
0x00007ff8f3ab0000 - 0x00007ff8f3b62000 	C:\WINDOWS\System32\KERNEL32.DLL
0x00007ff8f1b00000 - 0x00007ff8f1da3000 	C:\WINDOWS\System32\KERNELBASE.dll
0x00007ff8f3850000 - 0x00007ff8f38f3000 	C:\WINDOWS\System32\ADVAPI32.dll
0x00007ff8f29e0000 - 0x00007ff8f2a7e000 	C:\WINDOWS\System32\msvcrt.dll
0x00007ff8f37b0000 - 0x00007ff8f3847000 	C:\WINDOWS\System32\sechost.dll
0x00007ff8f31f0000 - 0x00007ff8f3310000 	C:\WINDOWS\System32\RPCRT4.dll
0x00007ff8f3910000 - 0x00007ff8f3aa4000 	C:\WINDOWS\System32\USER32.dll
0x00007ff8f2270000 - 0x00007ff8f2291000 	C:\WINDOWS\System32\win32u.dll
0x00007ff8f24d0000 - 0x00007ff8f24f6000 	C:\WINDOWS\System32\GDI32.dll
0x00007ff8f1fb0000 - 0x00007ff8f2144000 	C:\WINDOWS\System32\gdi32full.dll
0x00007ff8f2150000 - 0x00007ff8f21ee000 	C:\WINDOWS\System32\msvcp_win.dll
0x00007ff8f1e30000 - 0x00007ff8f1f2a000 	C:\WINDOWS\System32\ucrtbase.dll
0x00007ff8e9e90000 - 0x00007ff8ea115000 	C:\WINDOWS\WinSxS\amd64_microsoft.windows.common-controls_6595b64144ccf1df_6.0.18362.418_none_e6c6b287130d565d\COMCTL32.dll
0x00007ff8f3390000 - 0x00007ff8f36c6000 	C:\WINDOWS\System32\combase.dll
0x00007ff8f1f30000 - 0x00007ff8f1fb0000 	C:\WINDOWS\System32\bcryptPrimitives.dll
0x00007ff8f29b0000 - 0x00007ff8f29de000 	C:\WINDOWS\System32\IMM32.DLL
0x0000000055840000 - 0x0000000055912000 	C:\Program Files\Java\jdk1.8.0_221\jre\bin\msvcr100.dll
0x00000000528e0000 - 0x0000000053185000 	C:\Program Files\Java\jdk1.8.0_221\jre\bin\server\jvm.dll
0x00007ff8f28d0000 - 0x00007ff8f28d8000 	C:\WINDOWS\System32\PSAPI.DLL
0x00007ff8eec10000 - 0x00007ff8eec34000 	C:\WINDOWS\SYSTEM32\WINMM.dll
0x00007ff8e8940000 - 0x00007ff8e8949000 	C:\WINDOWS\SYSTEM32\WSOCK32.dll
0x00007ff8e9dc0000 - 0x00007ff8e9dca000 	C:\WINDOWS\SYSTEM32\VERSION.dll
0x00007ff8f2b30000 - 0x00007ff8f2b9f000 	C:\WINDOWS\System32\WS2_32.dll
0x00007ff8ee820000 - 0x00007ff8ee84d000 	C:\WINDOWS\SYSTEM32\WINMMBASE.dll
0x00007ff8f2220000 - 0x00007ff8f226a000 	C:\WINDOWS\System32\cfgmgr32.dll
0x00007ff8eef50000 - 0x00007ff8eef5f000 	C:\Program Files\Java\jdk1.8.0_221\jre\bin\verify.dll
0x00007ff8eb2b0000 - 0x00007ff8eb2d9000 	C:\Program Files\Java\jdk1.8.0_221\jre\bin\java.dll
0x00007ff8e85b0000 - 0x00007ff8e85c6000 	C:\Program Files\Java\jdk1.8.0_221\jre\bin\zip.dll
0x00007ff8f3b70000 - 0x00007ff8f4255000 	C:\WINDOWS\System32\SHELL32.dll
0x00007ff8f2a80000 - 0x00007ff8f2b29000 	C:\WINDOWS\System32\shcore.dll
0x00007ff8f1230000 - 0x00007ff8f19af000 	C:\WINDOWS\System32\windows.storage.dll
0x00007ff8f11f0000 - 0x00007ff8f120f000 	C:\WINDOWS\System32\profapi.dll
0x00007ff8f1180000 - 0x00007ff8f11ca000 	C:\WINDOWS\System32\powrprof.dll
0x00007ff8f1170000 - 0x00007ff8f1180000 	C:\WINDOWS\System32\UMPDC.dll
0x00007ff8f2730000 - 0x00007ff8f2782000 	C:\WINDOWS\System32\shlwapi.dll
0x00007ff8f11d0000 - 0x00007ff8f11e1000 	C:\WINDOWS\System32\kernel.appcore.dll
0x00007ff8f1db0000 - 0x00007ff8f1dc7000 	C:\WINDOWS\System32\cryptsp.dll
0x0000000055dd0000 - 0x0000000055de1000 	C:\Program Files\Common Files\Crypto Pro\AppCompat\cpadvai.dll
0x0000000055df0000 - 0x0000000055df7000 	C:\Program Files\Common Files\Crypto Pro\AppCompat\detoured.dll
0x00007ff8e8340000 - 0x00007ff8e835a000 	C:\Program Files\Java\jdk1.8.0_221\jre\bin\net.dll
0x00007ff8e7da0000 - 0x00007ff8e7f76000 	C:\WINDOWS\SYSTEM32\urlmon.dll
0x00007ff8e7a20000 - 0x00007ff8e7cc6000 	C:\WINDOWS\SYSTEM32\iertutil.dll
0x00007ff8f0b50000 - 0x00007ff8f0b5c000 	C:\WINDOWS\SYSTEM32\CRYPTBASE.DLL
0x00007ff8f0500000 - 0x00007ff8f0567000 	C:\WINDOWS\system32\mswsock.dll
0x00007ff8deef0000 - 0x00007ff8def02000 	C:\Program Files\Java\jdk1.8.0_221\jre\bin\nio.dll
0x00007ff8dd410000 - 0x00007ff8dd434000 	C:\Program Files\Java\jdk1.8.0_221\jre\bin\sunec.dll
0x00007ff8f0210000 - 0x00007ff8f024a000 	C:\WINDOWS\SYSTEM32\IPHLPAPI.DLL
0x00007ff8f3900000 - 0x00007ff8f3908000 	C:\WINDOWS\System32\NSI.dll
0x00007ff8eb0a0000 - 0x00007ff8eb0b6000 	C:\WINDOWS\SYSTEM32\dhcpcsvc6.DLL
0x00007ff8ebe00000 - 0x00007ff8ebe1c000 	C:\WINDOWS\SYSTEM32\dhcpcsvc.DLL
0x00007ff8f0250000 - 0x00007ff8f031a000 	C:\WINDOWS\SYSTEM32\DNSAPI.dll
0x00007ff8f0070000 - 0x00007ff8f00a3000 	C:\WINDOWS\system32\rsaenh.dll
0x00007ff8f21f0000 - 0x00007ff8f2216000 	C:\WINDOWS\System32\bcrypt.dll
0x00007ff8f1090000 - 0x00007ff8f10b5000 	C:\WINDOWS\SYSTEM32\USERENV.dll
0x00007ff8e83b0000 - 0x00007ff8e83ba000 	C:\Windows\System32\rasadhlp.dll
0x00007ff8eaac0000 - 0x00007ff8eab37000 	C:\WINDOWS\System32\fwpuclnt.dll
0x00007ff8ebbe0000 - 0x00007ff8ebbeb000 	C:\Program Files\Java\jdk1.8.0_221\jre\bin\sunmscapi.dll
0x0000000022670000 - 0x00000000227b9000 	C:\WINDOWS\System32\CRYPT32.dll
0x00007ff8f1210000 - 0x00007ff8f1222000 	C:\WINDOWS\System32\MSASN1.dll
0x0000000055e00000 - 0x0000000055e20000 	C:\Program Files\Common Files\Crypto Pro\AppCompat\cpcrypt.dll

VM Arguments:
jvm_args: -Dclassworlds.conf=D:\Program Files\JetBrains\IntelliJ IDEA 2019.1\plugins\maven\lib\maven3\bin\..\bin\m2.conf -Dmaven.home=D:\Program Files\JetBrains\IntelliJ IDEA 2019.1\plugins\maven\lib\maven3\bin\.. -Dmaven.multiModuleProjectDirectory=d:\work\GisExchanger 
java_command: org.codehaus.plexus.classworlds.launcher.Launcher clean install
java_class_path (initial): D:\Program Files\JetBrains\IntelliJ IDEA 2019.1\plugins\maven\lib\maven3\bin\..\boot\plexus-classworlds-2.5.2.jar
Launcher Type: SUN_STANDARD

Environment Variables:
JAVA_HOME=C:\Program Files\Java\jdk1.8.0_221
JRE_HOME=C:\Program Files\Java\jdk1.8.0_221\jre
PATH=d:\oracle\product\11.2.0\dbhome_1\bin;C:\WINDOWS\system32;C:\WINDOWS;C:\WINDOWS\System32\Wbem;C:\WINDOWS\System32\WindowsPowerShell\v1.0\;C:\Users\Leo\eclipse\maven\bin;C:\Program Files\Git\bin;d:\dos;d:\temp\#1\cryptopack2\bin;C:\WINDOWS\System32\OpenSSH\;C:\cygwin64\bin;C:\Program Files\Git\cmd;D:\PostgreSQL\pg95\bin;C:\Program Files (x86)\Borland\Delphi7\Bin;C:\Program Files (x86)\Borland\Delphi7\Projects\Bpl;C:\Program Files\Java\jdk1.8.0_221\bin;D:\Program Files\JetBrains\IntelliJ IDEA 2019.1\plugins\maven\lib\maven3\bin;C:\Program Files (x86)\Windows Kits\10\Windows Performance Toolkit\;C:\Program Files (x86)\Windows Kits\10\Microsoft Application Virtualization\Sequencer\;D:\Python\Python37-32\Scripts\;D:\Python\Python37-32\;C:\Users\Leo\AppData\Local\Microsoft\WindowsApps;C:\Users\Leo\AppData\Local\Android\Sdk\platform-tools;d:\Progs\Fiddler;d:\Program Files\JetBrains\IntelliJ IDEA 2019.1\bin;;C:\Users\Leo\AppData\Local\Microsoft\WindowsApps;
USERNAME=Leo
OS=Windows_NT
PROCESSOR_IDENTIFIER=AMD64 Family 23 Model 8 Stepping 2, AuthenticAMD



---------------  S Y S T E M  ---------------

OS: Windows 10.0 , 64 bit Build 18362 (10.0.18362.329)

CPU:total 12 (initial active 12) (12 cores per cpu, 1 threads per core) family 23 model 8 stepping 2, cmov, cx8, fxsr, mmx, sse, sse2, sse3, ssse3, sse4.1, sse4.2, popcnt, avx, avx2, aes, clmul, mmxext, 3dnowpref, lzcnt, sse4a, tsc, tscinvbit, tscinv, bmi1

Memory: 4k page, physical 16704752k(3385052k free), swap 26944752k(5400k free)

vm_info: Java HotSpot(TM) 64-Bit Server VM (25.221-b11) for windows-amd64 JRE (1.8.0_221-b11), built on Jul  4 2019 04:39:29 by "java_re" with MS VC++ 10.0 (VS2010)

time: Mon Nov 11 08:36:56 2019
timezone: RTZ 2 (зима)
elapsed time: 8 seconds (0d 0h 0m 8s)

